2022-10-19 16:24:03,204 INFO org.springframework.boot.StartupInfoLogger [restartedMain] Starting OnlineBookReviewSystemApplication on LP013845 with PID 9152 (C:\Users\nitish.gupta_spicemo\Downloads\online-book-review-system\target\classes started by nitish.gupta_spicemo in C:\Users\nitish.gupta_spicemo\Downloads\online-book-review-system)
2022-10-19 16:24:03,208 INFO org.springframework.boot.SpringApplication [restartedMain] The following profiles are active: springdatajpa
2022-10-19 16:24:03,471 INFO org.springframework.boot.logging.DeferredLog [restartedMain] Devtools property defaults active! Set 'spring.devtools.add-properties' to 'false' to disable
2022-10-19 16:24:03,472 INFO org.springframework.boot.logging.DeferredLog [restartedMain] For additional web related logging consider setting the 'logging.level.web' property to 'DEBUG'
2022-10-19 16:24:04,299 INFO org.springframework.data.repository.config.RepositoryConfigurationDelegate [restartedMain] Bootstrapping Spring Data JPA repositories in DEFERRED mode.
2022-10-19 16:24:04,582 INFO org.springframework.data.repository.config.RepositoryConfigurationDelegate [restartedMain] Finished Spring Data repository scanning in 140ms. Found 8 JPA repository interfaces.
2022-10-19 16:24:05,485 INFO org.springframework.boot.web.embedded.tomcat.TomcatWebServer [restartedMain] Tomcat initialized with port(s): 8080 (http)
2022-10-19 16:24:05,492 INFO org.apache.juli.logging.DirectJDKLog [restartedMain] Initializing ProtocolHandler ["http-nio-8080"]
2022-10-19 16:24:05,492 INFO org.apache.juli.logging.DirectJDKLog [restartedMain] Starting service [Tomcat]
2022-10-19 16:24:05,493 INFO org.apache.juli.logging.DirectJDKLog [restartedMain] Starting Servlet engine: [Apache Tomcat/9.0.35]
2022-10-19 16:24:05,587 INFO org.apache.juli.logging.DirectJDKLog [restartedMain] Initializing Spring embedded WebApplicationContext
2022-10-19 16:24:05,588 INFO org.springframework.boot.web.servlet.context.ServletWebServerApplicationContext [restartedMain] Root WebApplicationContext: initialization completed in 2116 ms
2022-10-19 16:24:05,680 INFO com.zaxxer.hikari.HikariDataSource [restartedMain] HikariPool-1 - Starting...
2022-10-19 16:24:05,895 INFO com.zaxxer.hikari.HikariDataSource [restartedMain] HikariPool-1 - Start completed.
2022-10-19 16:24:05,900 INFO org.springframework.boot.autoconfigure.h2.H2ConsoleAutoConfiguration [restartedMain] H2 console available at '/h2-console'. Database available at 'jdbc:h2:mem:testdb'
2022-10-19 16:24:06,040 WARN org.springframework.boot.autoconfigure.orm.jpa.JpaBaseConfiguration$JpaWebConfiguration [restartedMain] spring.jpa.open-in-view is enabled by default. Therefore, database queries may be performed during view rendering. Explicitly configure spring.jpa.open-in-view to disable this warning
2022-10-19 16:24:06,146 INFO org.springframework.scheduling.concurrent.ExecutorConfigurationSupport [restartedMain] Initializing ExecutorService 'applicationTaskExecutor'
2022-10-19 16:24:06,561 INFO org.springframework.boot.web.servlet.DynamicRegistrationBean [restartedMain] Servlet webServlet was not registered (possibly already registered?)
2022-10-19 16:24:06,937 WARN org.springframework.context.support.AbstractApplicationContext [restartedMain] Exception encountered during context initialization - cancelling refresh attempt: org.springframework.beans.factory.BeanCreationException: Error creating bean with name 'springSecurityFilterChain' defined in class path resource [org/springframework/security/config/annotation/web/configuration/WebSecurityConfiguration.class]: Bean instantiation via factory method failed; nested exception is org.springframework.beans.BeanInstantiationException: Failed to instantiate [javax.servlet.Filter]: Factory method 'springSecurityFilterChain' threw exception; nested exception is java.lang.IllegalArgumentException: providers list cannot contain null values
2022-10-19 16:24:06,937 INFO org.springframework.orm.jpa.AbstractEntityManagerFactoryBean [restartedMain] Closing JPA EntityManagerFactory for persistence unit 'default'
2022-10-19 16:24:07,497 INFO org.springframework.orm.jpa.AbstractEntityManagerFactoryBean [task-1] Initialized JPA EntityManagerFactory for persistence unit 'default'
2022-10-19 16:24:07,500 INFO org.springframework.scheduling.concurrent.ExecutorConfigurationSupport [restartedMain] Shutting down ExecutorService 'applicationTaskExecutor'
2022-10-19 16:24:07,717 WARN org.springframework.beans.factory.support.DisposableBeanAdapter [restartedMain] Invocation of destroy method failed on bean with name 'inMemoryDatabaseShutdownExecutor': org.h2.jdbc.JdbcSQLNonTransientConnectionException: Database is already closed (to disable automatic closing at VM shutdown, add ";DB_CLOSE_ON_EXIT=FALSE" to the db URL) [90121-200]
2022-10-19 16:24:07,717 INFO com.zaxxer.hikari.HikariDataSource [restartedMain] HikariPool-1 - Shutdown initiated...
2022-10-19 16:24:07,720 INFO com.zaxxer.hikari.HikariDataSource [restartedMain] HikariPool-1 - Shutdown completed.
2022-10-19 16:24:07,724 INFO org.apache.juli.logging.DirectJDKLog [restartedMain] Stopping service [Tomcat]
2022-10-19 16:24:07,739 INFO org.springframework.boot.autoconfigure.logging.ConditionEvaluationReportLoggingListener [restartedMain] 

Error starting ApplicationContext. To display the conditions report re-run your application with 'debug' enabled.
2022-10-19 16:24:07,745 ERROR org.springframework.boot.SpringApplication [restartedMain] Application run failed
org.springframework.beans.factory.BeanCreationException: Error creating bean with name 'springSecurityFilterChain' defined in class path resource [org/springframework/security/config/annotation/web/configuration/WebSecurityConfiguration.class]: Bean instantiation via factory method failed; nested exception is org.springframework.beans.BeanInstantiationException: Failed to instantiate [javax.servlet.Filter]: Factory method 'springSecurityFilterChain' threw exception; nested exception is java.lang.IllegalArgumentException: providers list cannot contain null values
	at org.springframework.beans.factory.support.ConstructorResolver.instantiate(ConstructorResolver.java:656)
	at org.springframework.beans.factory.support.ConstructorResolver.instantiateUsingFactoryMethod(ConstructorResolver.java:484)
	at org.springframework.beans.factory.support.AbstractAutowireCapableBeanFactory.instantiateUsingFactoryMethod(AbstractAutowireCapableBeanFactory.java:1338)
	at org.springframework.beans.factory.support.AbstractAutowireCapableBeanFactory.createBeanInstance(AbstractAutowireCapableBeanFactory.java:1177)
	at org.springframework.beans.factory.support.AbstractAutowireCapableBeanFactory.doCreateBean(AbstractAutowireCapableBeanFactory.java:557)
	at org.springframework.beans.factory.support.AbstractAutowireCapableBeanFactory.createBean(AbstractAutowireCapableBeanFactory.java:517)
	at org.springframework.beans.factory.support.AbstractBeanFactory.lambda$doGetBean$0(AbstractBeanFactory.java:323)
	at org.springframework.beans.factory.support.DefaultSingletonBeanRegistry.getSingleton(DefaultSingletonBeanRegistry.java:226)
	at org.springframework.beans.factory.support.AbstractBeanFactory.doGetBean(AbstractBeanFactory.java:321)
	at org.springframework.beans.factory.support.AbstractBeanFactory.getBean(AbstractBeanFactory.java:202)
	at org.springframework.beans.factory.support.AbstractBeanFactory.doGetBean(AbstractBeanFactory.java:310)
	at org.springframework.beans.factory.support.AbstractBeanFactory.getBean(AbstractBeanFactory.java:202)
	at org.springframework.beans.factory.support.DefaultListableBeanFactory.preInstantiateSingletons(DefaultListableBeanFactory.java:895)
	at org.springframework.context.support.AbstractApplicationContext.finishBeanFactoryInitialization(AbstractApplicationContext.java:878)
	at org.springframework.context.support.AbstractApplicationContext.refresh(AbstractApplicationContext.java:550)
	at org.springframework.boot.web.servlet.context.ServletWebServerApplicationContext.refresh(ServletWebServerApplicationContext.java:143)
	at org.springframework.boot.SpringApplication.refresh(SpringApplication.java:758)
	at org.springframework.boot.SpringApplication.refresh(SpringApplication.java:750)
	at org.springframework.boot.SpringApplication.refreshContext(SpringApplication.java:397)
	at org.springframework.boot.SpringApplication.run(SpringApplication.java:315)
	at org.springframework.boot.SpringApplication.run(SpringApplication.java:1237)
	at org.springframework.boot.SpringApplication.run(SpringApplication.java:1226)
	at com.edureka.spring.obrs.OnlineBookReviewSystemApplication.main(OnlineBookReviewSystemApplication.java:16)
	at java.base/jdk.internal.reflect.DirectMethodHandleAccessor.invoke(DirectMethodHandleAccessor.java:104)
	at java.base/java.lang.reflect.Method.invoke(Method.java:577)
	at org.springframework.boot.devtools.restart.RestartLauncher.run(RestartLauncher.java:49)
Caused by: org.springframework.beans.BeanInstantiationException: Failed to instantiate [javax.servlet.Filter]: Factory method 'springSecurityFilterChain' threw exception; nested exception is java.lang.IllegalArgumentException: providers list cannot contain null values
	at org.springframework.beans.factory.support.SimpleInstantiationStrategy.instantiate(SimpleInstantiationStrategy.java:185)
	at org.springframework.beans.factory.support.ConstructorResolver.instantiate(ConstructorResolver.java:651)
	... 25 common frames omitted
Caused by: java.lang.IllegalArgumentException: providers list cannot contain null values
	at org.springframework.security.authentication.ProviderManager.checkState(ProviderManager.java:149)
	at org.springframework.security.authentication.ProviderManager.<init>(ProviderManager.java:133)
	at org.springframework.security.config.annotation.authentication.builders.AuthenticationManagerBuilder.performBuild(AuthenticationManagerBuilder.java:236)
	at org.springframework.security.config.annotation.authentication.builders.AuthenticationManagerBuilder.performBuild(AuthenticationManagerBuilder.java:50)
	at org.springframework.security.config.annotation.AbstractConfiguredSecurityBuilder.doBuild(AbstractConfiguredSecurityBuilder.java:333)
	at org.springframework.security.config.annotation.AbstractSecurityBuilder.build(AbstractSecurityBuilder.java:41)
	at org.springframework.security.config.annotation.authentication.configuration.AuthenticationConfiguration.getAuthenticationManager(AuthenticationConfiguration.java:118)
	at org.springframework.security.config.annotation.web.configuration.WebSecurityConfigurerAdapter.authenticationManager(WebSecurityConfigurerAdapter.java:269)
	at org.springframework.security.config.annotation.web.configuration.WebSecurityConfigurerAdapter.getHttp(WebSecurityConfigurerAdapter.java:202)
	at org.springframework.security.config.annotation.web.configuration.WebSecurityConfigurerAdapter.init(WebSecurityConfigurerAdapter.java:322)
	at org.springframework.security.config.annotation.web.configuration.WebSecurityConfigurerAdapter.init(WebSecurityConfigurerAdapter.java:94)
	at com.edureka.spring.obrs.config.security.SpringWebSecurityConfig$$EnhancerBySpringCGLIB$$48c285ba.init(<generated>)
	at org.springframework.security.config.annotation.AbstractConfiguredSecurityBuilder.init(AbstractConfiguredSecurityBuilder.java:370)
	at org.springframework.security.config.annotation.AbstractConfiguredSecurityBuilder.doBuild(AbstractConfiguredSecurityBuilder.java:324)
	at org.springframework.security.config.annotation.AbstractSecurityBuilder.build(AbstractSecurityBuilder.java:41)
	at org.springframework.security.config.annotation.web.configuration.WebSecurityConfiguration.springSecurityFilterChain(WebSecurityConfiguration.java:104)
	at java.base/jdk.internal.reflect.DirectMethodHandleAccessor.invoke(DirectMethodHandleAccessor.java:104)
	at java.base/java.lang.reflect.Method.invoke(Method.java:577)
	at org.springframework.beans.factory.support.SimpleInstantiationStrategy.instantiate(SimpleInstantiationStrategy.java:154)
	... 26 common frames omitted
2022-10-19 16:24:07,749 WARN org.springframework.boot.SpringApplication [restartedMain] Unable to close ApplicationContext
org.springframework.beans.factory.BeanCreationException: Error creating bean with name 'applicationAvailability' defined in class path resource [org/springframework/boot/autoconfigure/availability/ApplicationAvailabilityAutoConfiguration.class]: BeanPostProcessor before instantiation of bean failed; nested exception is org.springframework.beans.factory.BeanCreationException: Error creating bean with name 'org.springframework.transaction.annotation.ProxyTransactionManagementConfiguration': Initialization of bean failed; nested exception is org.springframework.beans.factory.NoSuchBeanDefinitionException: No bean named 'org.springframework.context.annotation.ConfigurationClassPostProcessor.importRegistry' available
	at org.springframework.beans.factory.support.AbstractAutowireCapableBeanFactory.createBean(AbstractAutowireCapableBeanFactory.java:512)
	at org.springframework.beans.factory.support.AbstractBeanFactory.lambda$doGetBean$0(AbstractBeanFactory.java:323)
	at org.springframework.beans.factory.support.DefaultSingletonBeanRegistry.getSingleton(DefaultSingletonBeanRegistry.java:226)
	at org.springframework.beans.factory.support.AbstractBeanFactory.doGetBean(AbstractBeanFactory.java:321)
	at org.springframework.beans.factory.support.AbstractBeanFactory.getBean(AbstractBeanFactory.java:207)
	at org.springframework.context.event.AbstractApplicationEventMulticaster.retrieveApplicationListeners(AbstractApplicationEventMulticaster.java:245)
	at org.springframework.context.event.AbstractApplicationEventMulticaster.getApplicationListeners(AbstractApplicationEventMulticaster.java:197)
	at org.springframework.context.event.SimpleApplicationEventMulticaster.multicastEvent(SimpleApplicationEventMulticaster.java:134)
	at org.springframework.context.support.AbstractApplicationContext.publishEvent(AbstractApplicationContext.java:403)
	at org.springframework.context.support.AbstractApplicationContext.publishEvent(AbstractApplicationContext.java:360)
	at org.springframework.boot.availability.AvailabilityChangeEvent.publish(AvailabilityChangeEvent.java:81)
	at org.springframework.boot.availability.AvailabilityChangeEvent.publish(AvailabilityChangeEvent.java:67)
	at org.springframework.boot.web.servlet.context.ServletWebServerApplicationContext.doClose(ServletWebServerApplicationContext.java:167)
	at org.springframework.context.support.AbstractApplicationContext.close(AbstractApplicationContext.java:978)
	at org.springframework.boot.SpringApplication.handleRunFailure(SpringApplication.java:814)
	at org.springframework.boot.SpringApplication.run(SpringApplication.java:325)
	at org.springframework.boot.SpringApplication.run(SpringApplication.java:1237)
	at org.springframework.boot.SpringApplication.run(SpringApplication.java:1226)
	at com.edureka.spring.obrs.OnlineBookReviewSystemApplication.main(OnlineBookReviewSystemApplication.java:16)
	at java.base/jdk.internal.reflect.DirectMethodHandleAccessor.invoke(DirectMethodHandleAccessor.java:104)
	at java.base/java.lang.reflect.Method.invoke(Method.java:577)
	at org.springframework.boot.devtools.restart.RestartLauncher.run(RestartLauncher.java:49)
Caused by: org.springframework.beans.factory.BeanCreationException: Error creating bean with name 'org.springframework.transaction.annotation.ProxyTransactionManagementConfiguration': Initialization of bean failed; nested exception is org.springframework.beans.factory.NoSuchBeanDefinitionException: No bean named 'org.springframework.context.annotation.ConfigurationClassPostProcessor.importRegistry' available
	at org.springframework.beans.factory.support.AbstractAutowireCapableBeanFactory.doCreateBean(AbstractAutowireCapableBeanFactory.java:603)
	at org.springframework.beans.factory.support.AbstractAutowireCapableBeanFactory.createBean(AbstractAutowireCapableBeanFactory.java:517)
	at org.springframework.beans.factory.support.AbstractBeanFactory.lambda$doGetBean$0(AbstractBeanFactory.java:323)
	at org.springframework.beans.factory.support.DefaultSingletonBeanRegistry.getSingleton(DefaultSingletonBeanRegistry.java:226)
	at org.springframework.beans.factory.support.AbstractBeanFactory.doGetBean(AbstractBeanFactory.java:321)
	at org.springframework.beans.factory.support.AbstractBeanFactory.getBean(AbstractBeanFactory.java:202)
	at org.springframework.beans.factory.support.ConstructorResolver.instantiateUsingFactoryMethod(ConstructorResolver.java:409)
	at org.springframework.beans.factory.support.AbstractAutowireCapableBeanFactory.instantiateUsingFactoryMethod(AbstractAutowireCapableBeanFactory.java:1338)
	at org.springframework.beans.factory.support.AbstractAutowireCapableBeanFactory.createBeanInstance(AbstractAutowireCapableBeanFactory.java:1177)
	at org.springframework.beans.factory.support.AbstractAutowireCapableBeanFactory.doCreateBean(AbstractAutowireCapableBeanFactory.java:557)
	at org.springframework.beans.factory.support.AbstractAutowireCapableBeanFactory.createBean(AbstractAutowireCapableBeanFactory.java:517)
	at org.springframework.beans.factory.support.AbstractBeanFactory.lambda$doGetBean$0(AbstractBeanFactory.java:323)
	at org.springframework.beans.factory.support.DefaultSingletonBeanRegistry.getSingleton(DefaultSingletonBeanRegistry.java:226)
	at org.springframework.beans.factory.support.AbstractBeanFactory.doGetBean(AbstractBeanFactory.java:321)
	at org.springframework.beans.factory.support.AbstractBeanFactory.getBean(AbstractBeanFactory.java:207)
	at org.springframework.aop.framework.autoproxy.BeanFactoryAdvisorRetrievalHelper.findAdvisorBeans(BeanFactoryAdvisorRetrievalHelper.java:91)
	at org.springframework.aop.framework.autoproxy.AbstractAdvisorAutoProxyCreator.findCandidateAdvisors(AbstractAdvisorAutoProxyCreator.java:109)
	at org.springframework.aop.aspectj.annotation.AnnotationAwareAspectJAutoProxyCreator.findCandidateAdvisors(AnnotationAwareAspectJAutoProxyCreator.java:92)
	at org.springframework.aop.aspectj.autoproxy.AspectJAwareAdvisorAutoProxyCreator.shouldSkip(AspectJAwareAdvisorAutoProxyCreator.java:101)
	at org.springframework.aop.framework.autoproxy.AbstractAutoProxyCreator.postProcessBeforeInstantiation(AbstractAutoProxyCreator.java:251)
	at org.springframework.beans.factory.support.AbstractAutowireCapableBeanFactory.applyBeanPostProcessorsBeforeInstantiation(AbstractAutowireCapableBeanFactory.java:1141)
	at org.springframework.beans.factory.support.AbstractAutowireCapableBeanFactory.resolveBeforeInstantiation(AbstractAutowireCapableBeanFactory.java:1114)
	at org.springframework.beans.factory.support.AbstractAutowireCapableBeanFactory.createBean(AbstractAutowireCapableBeanFactory.java:506)
	... 21 common frames omitted
Caused by: org.springframework.beans.factory.NoSuchBeanDefinitionException: No bean named 'org.springframework.context.annotation.ConfigurationClassPostProcessor.importRegistry' available
	at org.springframework.beans.factory.support.DefaultListableBeanFactory.getBeanDefinition(DefaultListableBeanFactory.java:814)
	at org.springframework.beans.factory.support.AbstractBeanFactory.getMergedLocalBeanDefinition(AbstractBeanFactory.java:1282)
	at org.springframework.beans.factory.support.AbstractBeanFactory.doGetBean(AbstractBeanFactory.java:297)
	at org.springframework.beans.factory.support.AbstractBeanFactory.getBean(AbstractBeanFactory.java:207)
	at org.springframework.context.annotation.ConfigurationClassPostProcessor$ImportAwareBeanPostProcessor.postProcessBeforeInitialization(ConfigurationClassPostProcessor.java:456)
	at org.springframework.beans.factory.support.AbstractAutowireCapableBeanFactory.applyBeanPostProcessorsBeforeInitialization(AbstractAutowireCapableBeanFactory.java:416)
	at org.springframework.beans.factory.support.AbstractAutowireCapableBeanFactory.initializeBean(AbstractAutowireCapableBeanFactory.java:1788)
	at org.springframework.beans.factory.support.AbstractAutowireCapableBeanFactory.doCreateBean(AbstractAutowireCapableBeanFactory.java:595)
	... 43 common frames omitted
2022-10-19 16:28:57,327 INFO org.springframework.boot.StartupInfoLogger [restartedMain] Starting OnlineBookReviewSystemApplication on LP013845 with PID 10008 (C:\Users\nitish.gupta_spicemo\Downloads\online-book-review-system\target\classes started by nitish.gupta_spicemo in C:\Users\nitish.gupta_spicemo\Downloads\online-book-review-system)
2022-10-19 16:28:57,330 INFO org.springframework.boot.SpringApplication [restartedMain] The following profiles are active: springdatajpa
2022-10-19 16:28:57,558 INFO org.springframework.boot.logging.DeferredLog [restartedMain] Devtools property defaults active! Set 'spring.devtools.add-properties' to 'false' to disable
2022-10-19 16:28:57,558 INFO org.springframework.boot.logging.DeferredLog [restartedMain] For additional web related logging consider setting the 'logging.level.web' property to 'DEBUG'
2022-10-19 16:28:58,331 INFO org.springframework.data.repository.config.RepositoryConfigurationDelegate [restartedMain] Bootstrapping Spring Data JPA repositories in DEFERRED mode.
2022-10-19 16:28:58,454 INFO org.springframework.data.repository.config.RepositoryConfigurationDelegate [restartedMain] Finished Spring Data repository scanning in 115ms. Found 8 JPA repository interfaces.
2022-10-19 16:28:59,270 INFO org.springframework.boot.web.embedded.tomcat.TomcatWebServer [restartedMain] Tomcat initialized with port(s): 8080 (http)
2022-10-19 16:28:59,279 INFO org.apache.juli.logging.DirectJDKLog [restartedMain] Initializing ProtocolHandler ["http-nio-8080"]
2022-10-19 16:28:59,280 INFO org.apache.juli.logging.DirectJDKLog [restartedMain] Starting service [Tomcat]
2022-10-19 16:28:59,280 INFO org.apache.juli.logging.DirectJDKLog [restartedMain] Starting Servlet engine: [Apache Tomcat/9.0.35]
2022-10-19 16:28:59,371 INFO org.apache.juli.logging.DirectJDKLog [restartedMain] Initializing Spring embedded WebApplicationContext
2022-10-19 16:28:59,371 INFO org.springframework.boot.web.servlet.context.ServletWebServerApplicationContext [restartedMain] Root WebApplicationContext: initialization completed in 1813 ms
2022-10-19 16:28:59,473 INFO com.zaxxer.hikari.HikariDataSource [restartedMain] HikariPool-1 - Starting...
2022-10-19 16:28:59,679 INFO com.zaxxer.hikari.HikariDataSource [restartedMain] HikariPool-1 - Start completed.
2022-10-19 16:28:59,690 INFO org.springframework.boot.autoconfigure.h2.H2ConsoleAutoConfiguration [restartedMain] H2 console available at '/h2-console'. Database available at 'jdbc:h2:mem:testdb'
2022-10-19 16:28:59,850 WARN org.springframework.boot.autoconfigure.orm.jpa.JpaBaseConfiguration$JpaWebConfiguration [restartedMain] spring.jpa.open-in-view is enabled by default. Therefore, database queries may be performed during view rendering. Explicitly configure spring.jpa.open-in-view to disable this warning
2022-10-19 16:28:59,931 INFO org.springframework.scheduling.concurrent.ExecutorConfigurationSupport [restartedMain] Initializing ExecutorService 'applicationTaskExecutor'
2022-10-19 16:29:00,300 INFO org.springframework.boot.web.servlet.DynamicRegistrationBean [restartedMain] Servlet webServlet was not registered (possibly already registered?)
2022-10-19 16:29:00,753 INFO org.springframework.security.web.DefaultSecurityFilterChain [restartedMain] Creating filter chain: any request, [org.springframework.security.web.context.request.async.WebAsyncManagerIntegrationFilter@50be5b98, org.springframework.security.web.context.SecurityContextPersistenceFilter@50d08314, org.springframework.security.web.header.HeaderWriterFilter@7404b66b, org.springframework.security.web.authentication.logout.LogoutFilter@497527df, org.springframework.security.web.authentication.UsernamePasswordAuthenticationFilter@2a58c057, org.springframework.security.web.session.ConcurrentSessionFilter@647a222c, org.springframework.security.web.savedrequest.RequestCacheAwareFilter@29217ccb, org.springframework.security.web.servletapi.SecurityContextHolderAwareRequestFilter@5f1cbd89, org.springframework.security.web.authentication.AnonymousAuthenticationFilter@1ac90043, org.springframework.security.web.session.SessionManagementFilter@5adea639, org.springframework.security.web.access.ExceptionTranslationFilter@4e5699e1, org.springframework.security.web.access.intercept.FilterSecurityInterceptor@250f7759]
2022-10-19 16:29:01,220 INFO org.springframework.orm.jpa.AbstractEntityManagerFactoryBean [task-1] Initialized JPA EntityManagerFactory for persistence unit 'default'
2022-10-19 16:29:01,647 INFO org.springframework.boot.devtools.autoconfigure.OptionalLiveReloadServer [task-2] LiveReload server is running on port 35729
2022-10-19 16:29:01,712 INFO org.springframework.boot.autoconfigure.web.servlet.WelcomePageHandlerMapping [restartedMain] Adding welcome page template: index
2022-10-19 16:29:02,614 INFO org.apache.juli.logging.DirectJDKLog [restartedMain] Starting ProtocolHandler ["http-nio-8080"]
2022-10-19 16:29:02,646 INFO org.springframework.boot.web.embedded.tomcat.TomcatWebServer [restartedMain] Tomcat started on port(s): 8080 (http) with context path ''
2022-10-19 16:29:02,648 INFO org.springframework.data.repository.config.DeferredRepositoryInitializationListener [restartedMain] Triggering deferred initialization of Spring Data repositories…
2022-10-19 16:29:02,962 INFO org.springframework.data.repository.config.DeferredRepositoryInitializationListener [restartedMain] Spring Data repositories initialized!
2022-10-19 16:29:02,974 INFO org.springframework.scheduling.annotation.ScheduledAnnotationBeanPostProcessor [restartedMain] No TaskScheduler/ScheduledExecutorService bean found for scheduled processing
2022-10-19 16:29:02,984 INFO org.springframework.boot.StartupInfoLogger [restartedMain] Started OnlineBookReviewSystemApplication in 6.061 seconds (JVM running for 6.606)
2022-10-19 16:35:19,206 INFO org.apache.juli.logging.DirectJDKLog [http-nio-8080-exec-1] Initializing Spring DispatcherServlet 'dispatcherServlet'
2022-10-19 16:35:19,207 INFO org.springframework.web.servlet.FrameworkServlet [http-nio-8080-exec-1] Initializing Servlet 'dispatcherServlet'
2022-10-19 16:35:19,240 INFO org.springframework.web.servlet.FrameworkServlet [http-nio-8080-exec-1] Completed initialization in 33 ms
2022-10-19 17:05:44,539 INFO org.springframework.orm.jpa.AbstractEntityManagerFactoryBean [SpringContextShutdownHook] Closing JPA EntityManagerFactory for persistence unit 'default'
2022-10-19 17:05:44,541 INFO org.springframework.scheduling.concurrent.ExecutorConfigurationSupport [SpringContextShutdownHook] Shutting down ExecutorService 'applicationTaskExecutor'
2022-10-19 17:05:44,746 WARN org.springframework.beans.factory.support.DisposableBeanAdapter [SpringContextShutdownHook] Invocation of destroy method failed on bean with name 'inMemoryDatabaseShutdownExecutor': org.h2.jdbc.JdbcSQLNonTransientConnectionException: Database is already closed (to disable automatic closing at VM shutdown, add ";DB_CLOSE_ON_EXIT=FALSE" to the db URL) [90121-200]
2022-10-19 17:05:44,747 INFO com.zaxxer.hikari.HikariDataSource [SpringContextShutdownHook] HikariPool-1 - Shutdown initiated...
2022-10-19 17:05:44,748 INFO com.zaxxer.hikari.HikariDataSource [SpringContextShutdownHook] HikariPool-1 - Shutdown completed.
2022-10-19 17:05:47,049 INFO org.springframework.boot.StartupInfoLogger [restartedMain] Starting OnlineBookReviewSystemApplication on LP013845 with PID 16820 (C:\Users\nitish.gupta_spicemo\Downloads\online-book-review-system\target\classes started by nitish.gupta_spicemo in C:\Users\nitish.gupta_spicemo\Downloads\online-book-review-system)
2022-10-19 17:05:47,052 INFO org.springframework.boot.SpringApplication [restartedMain] The following profiles are active: springdatajpa
2022-10-19 17:05:47,253 INFO org.springframework.boot.logging.DeferredLog [restartedMain] Devtools property defaults active! Set 'spring.devtools.add-properties' to 'false' to disable
2022-10-19 17:05:47,254 INFO org.springframework.boot.logging.DeferredLog [restartedMain] For additional web related logging consider setting the 'logging.level.web' property to 'DEBUG'
2022-10-19 17:05:47,955 INFO org.springframework.data.repository.config.RepositoryConfigurationDelegate [restartedMain] Bootstrapping Spring Data JPA repositories in DEFERRED mode.
2022-10-19 17:05:48,082 INFO org.springframework.data.repository.config.RepositoryConfigurationDelegate [restartedMain] Finished Spring Data repository scanning in 121ms. Found 8 JPA repository interfaces.
2022-10-19 17:05:48,863 INFO org.springframework.boot.web.embedded.tomcat.TomcatWebServer [restartedMain] Tomcat initialized with port(s): 8080 (http)
2022-10-19 17:05:48,874 INFO org.apache.juli.logging.DirectJDKLog [restartedMain] Initializing ProtocolHandler ["http-nio-8080"]
2022-10-19 17:05:48,874 INFO org.apache.juli.logging.DirectJDKLog [restartedMain] Starting service [Tomcat]
2022-10-19 17:05:48,874 INFO org.apache.juli.logging.DirectJDKLog [restartedMain] Starting Servlet engine: [Apache Tomcat/9.0.35]
2022-10-19 17:05:48,967 INFO org.apache.juli.logging.DirectJDKLog [restartedMain] Initializing Spring embedded WebApplicationContext
2022-10-19 17:05:48,967 INFO org.springframework.boot.web.servlet.context.ServletWebServerApplicationContext [restartedMain] Root WebApplicationContext: initialization completed in 1713 ms
2022-10-19 17:05:49,127 INFO com.zaxxer.hikari.HikariDataSource [restartedMain] HikariPool-1 - Starting...
2022-10-19 17:05:49,300 INFO com.zaxxer.hikari.HikariDataSource [restartedMain] HikariPool-1 - Start completed.
2022-10-19 17:05:49,306 INFO org.springframework.boot.autoconfigure.h2.H2ConsoleAutoConfiguration [restartedMain] H2 console available at '/h2-console'. Database available at 'jdbc:h2:mem:testdb'
2022-10-19 17:05:49,473 WARN org.springframework.boot.autoconfigure.orm.jpa.JpaBaseConfiguration$JpaWebConfiguration [restartedMain] spring.jpa.open-in-view is enabled by default. Therefore, database queries may be performed during view rendering. Explicitly configure spring.jpa.open-in-view to disable this warning
2022-10-19 17:05:49,536 INFO org.springframework.scheduling.concurrent.ExecutorConfigurationSupport [restartedMain] Initializing ExecutorService 'applicationTaskExecutor'
2022-10-19 17:05:49,853 INFO org.springframework.boot.web.servlet.DynamicRegistrationBean [restartedMain] Servlet webServlet was not registered (possibly already registered?)
2022-10-19 17:05:50,199 WARN org.springframework.context.support.AbstractApplicationContext [restartedMain] Exception encountered during context initialization - cancelling refresh attempt: org.springframework.beans.factory.BeanCreationException: Error creating bean with name 'springSecurityFilterChain' defined in class path resource [org/springframework/security/config/annotation/web/configuration/WebSecurityConfiguration.class]: Bean instantiation via factory method failed; nested exception is org.springframework.beans.BeanInstantiationException: Failed to instantiate [javax.servlet.Filter]: Factory method 'springSecurityFilterChain' threw exception; nested exception is java.lang.IllegalArgumentException: providers list cannot contain null values
2022-10-19 17:05:50,200 INFO org.springframework.orm.jpa.AbstractEntityManagerFactoryBean [restartedMain] Closing JPA EntityManagerFactory for persistence unit 'default'
2022-10-19 17:05:50,666 INFO org.springframework.orm.jpa.AbstractEntityManagerFactoryBean [task-1] Initialized JPA EntityManagerFactory for persistence unit 'default'
2022-10-19 17:05:50,669 INFO org.springframework.scheduling.concurrent.ExecutorConfigurationSupport [restartedMain] Shutting down ExecutorService 'applicationTaskExecutor'
2022-10-19 17:05:50,891 WARN org.springframework.beans.factory.support.DisposableBeanAdapter [restartedMain] Invocation of destroy method failed on bean with name 'inMemoryDatabaseShutdownExecutor': org.h2.jdbc.JdbcSQLNonTransientConnectionException: Database is already closed (to disable automatic closing at VM shutdown, add ";DB_CLOSE_ON_EXIT=FALSE" to the db URL) [90121-200]
2022-10-19 17:05:50,892 INFO com.zaxxer.hikari.HikariDataSource [restartedMain] HikariPool-1 - Shutdown initiated...
2022-10-19 17:05:50,896 INFO com.zaxxer.hikari.HikariDataSource [restartedMain] HikariPool-1 - Shutdown completed.
2022-10-19 17:05:50,901 INFO org.apache.juli.logging.DirectJDKLog [restartedMain] Stopping service [Tomcat]
2022-10-19 17:05:50,915 INFO org.springframework.boot.autoconfigure.logging.ConditionEvaluationReportLoggingListener [restartedMain] 

Error starting ApplicationContext. To display the conditions report re-run your application with 'debug' enabled.
2022-10-19 17:05:50,920 ERROR org.springframework.boot.SpringApplication [restartedMain] Application run failed
org.springframework.beans.factory.BeanCreationException: Error creating bean with name 'springSecurityFilterChain' defined in class path resource [org/springframework/security/config/annotation/web/configuration/WebSecurityConfiguration.class]: Bean instantiation via factory method failed; nested exception is org.springframework.beans.BeanInstantiationException: Failed to instantiate [javax.servlet.Filter]: Factory method 'springSecurityFilterChain' threw exception; nested exception is java.lang.IllegalArgumentException: providers list cannot contain null values
	at org.springframework.beans.factory.support.ConstructorResolver.instantiate(ConstructorResolver.java:656)
	at org.springframework.beans.factory.support.ConstructorResolver.instantiateUsingFactoryMethod(ConstructorResolver.java:484)
	at org.springframework.beans.factory.support.AbstractAutowireCapableBeanFactory.instantiateUsingFactoryMethod(AbstractAutowireCapableBeanFactory.java:1338)
	at org.springframework.beans.factory.support.AbstractAutowireCapableBeanFactory.createBeanInstance(AbstractAutowireCapableBeanFactory.java:1177)
	at org.springframework.beans.factory.support.AbstractAutowireCapableBeanFactory.doCreateBean(AbstractAutowireCapableBeanFactory.java:557)
	at org.springframework.beans.factory.support.AbstractAutowireCapableBeanFactory.createBean(AbstractAutowireCapableBeanFactory.java:517)
	at org.springframework.beans.factory.support.AbstractBeanFactory.lambda$doGetBean$0(AbstractBeanFactory.java:323)
	at org.springframework.beans.factory.support.DefaultSingletonBeanRegistry.getSingleton(DefaultSingletonBeanRegistry.java:226)
	at org.springframework.beans.factory.support.AbstractBeanFactory.doGetBean(AbstractBeanFactory.java:321)
	at org.springframework.beans.factory.support.AbstractBeanFactory.getBean(AbstractBeanFactory.java:202)
	at org.springframework.beans.factory.support.AbstractBeanFactory.doGetBean(AbstractBeanFactory.java:310)
	at org.springframework.beans.factory.support.AbstractBeanFactory.getBean(AbstractBeanFactory.java:202)
	at org.springframework.beans.factory.support.DefaultListableBeanFactory.preInstantiateSingletons(DefaultListableBeanFactory.java:895)
	at org.springframework.context.support.AbstractApplicationContext.finishBeanFactoryInitialization(AbstractApplicationContext.java:878)
	at org.springframework.context.support.AbstractApplicationContext.refresh(AbstractApplicationContext.java:550)
	at org.springframework.boot.web.servlet.context.ServletWebServerApplicationContext.refresh(ServletWebServerApplicationContext.java:143)
	at org.springframework.boot.SpringApplication.refresh(SpringApplication.java:758)
	at org.springframework.boot.SpringApplication.refresh(SpringApplication.java:750)
	at org.springframework.boot.SpringApplication.refreshContext(SpringApplication.java:397)
	at org.springframework.boot.SpringApplication.run(SpringApplication.java:315)
	at org.springframework.boot.SpringApplication.run(SpringApplication.java:1237)
	at org.springframework.boot.SpringApplication.run(SpringApplication.java:1226)
	at com.edureka.spring.obrs.OnlineBookReviewSystemApplication.main(OnlineBookReviewSystemApplication.java:16)
	at java.base/jdk.internal.reflect.DirectMethodHandleAccessor.invoke(DirectMethodHandleAccessor.java:104)
	at java.base/java.lang.reflect.Method.invoke(Method.java:577)
	at org.springframework.boot.devtools.restart.RestartLauncher.run(RestartLauncher.java:49)
Caused by: org.springframework.beans.BeanInstantiationException: Failed to instantiate [javax.servlet.Filter]: Factory method 'springSecurityFilterChain' threw exception; nested exception is java.lang.IllegalArgumentException: providers list cannot contain null values
	at org.springframework.beans.factory.support.SimpleInstantiationStrategy.instantiate(SimpleInstantiationStrategy.java:185)
	at org.springframework.beans.factory.support.ConstructorResolver.instantiate(ConstructorResolver.java:651)
	... 25 common frames omitted
Caused by: java.lang.IllegalArgumentException: providers list cannot contain null values
	at org.springframework.security.authentication.ProviderManager.checkState(ProviderManager.java:149)
	at org.springframework.security.authentication.ProviderManager.<init>(ProviderManager.java:133)
	at org.springframework.security.config.annotation.authentication.builders.AuthenticationManagerBuilder.performBuild(AuthenticationManagerBuilder.java:236)
	at org.springframework.security.config.annotation.authentication.builders.AuthenticationManagerBuilder.performBuild(AuthenticationManagerBuilder.java:50)
	at org.springframework.security.config.annotation.AbstractConfiguredSecurityBuilder.doBuild(AbstractConfiguredSecurityBuilder.java:333)
	at org.springframework.security.config.annotation.AbstractSecurityBuilder.build(AbstractSecurityBuilder.java:41)
	at org.springframework.security.config.annotation.authentication.configuration.AuthenticationConfiguration.getAuthenticationManager(AuthenticationConfiguration.java:118)
	at org.springframework.security.config.annotation.web.configuration.WebSecurityConfigurerAdapter.authenticationManager(WebSecurityConfigurerAdapter.java:269)
	at org.springframework.security.config.annotation.web.configuration.WebSecurityConfigurerAdapter.getHttp(WebSecurityConfigurerAdapter.java:202)
	at org.springframework.security.config.annotation.web.configuration.WebSecurityConfigurerAdapter.init(WebSecurityConfigurerAdapter.java:322)
	at org.springframework.security.config.annotation.web.configuration.WebSecurityConfigurerAdapter.init(WebSecurityConfigurerAdapter.java:94)
	at com.edureka.spring.obrs.config.security.SpringWebSecurityConfig$$EnhancerBySpringCGLIB$$2bd99f31.init(<generated>)
	at org.springframework.security.config.annotation.AbstractConfiguredSecurityBuilder.init(AbstractConfiguredSecurityBuilder.java:370)
	at org.springframework.security.config.annotation.AbstractConfiguredSecurityBuilder.doBuild(AbstractConfiguredSecurityBuilder.java:324)
	at org.springframework.security.config.annotation.AbstractSecurityBuilder.build(AbstractSecurityBuilder.java:41)
	at org.springframework.security.config.annotation.web.configuration.WebSecurityConfiguration.springSecurityFilterChain(WebSecurityConfiguration.java:104)
	at java.base/jdk.internal.reflect.DirectMethodHandleAccessor.invoke(DirectMethodHandleAccessor.java:104)
	at java.base/java.lang.reflect.Method.invoke(Method.java:577)
	at org.springframework.beans.factory.support.SimpleInstantiationStrategy.instantiate(SimpleInstantiationStrategy.java:154)
	... 26 common frames omitted
2022-10-19 17:05:50,925 WARN org.springframework.boot.SpringApplication [restartedMain] Unable to close ApplicationContext
org.springframework.beans.factory.BeanCreationException: Error creating bean with name 'applicationAvailability' defined in class path resource [org/springframework/boot/autoconfigure/availability/ApplicationAvailabilityAutoConfiguration.class]: BeanPostProcessor before instantiation of bean failed; nested exception is org.springframework.beans.factory.BeanCreationException: Error creating bean with name 'org.springframework.transaction.annotation.ProxyTransactionManagementConfiguration': Initialization of bean failed; nested exception is org.springframework.beans.factory.NoSuchBeanDefinitionException: No bean named 'org.springframework.context.annotation.ConfigurationClassPostProcessor.importRegistry' available
	at org.springframework.beans.factory.support.AbstractAutowireCapableBeanFactory.createBean(AbstractAutowireCapableBeanFactory.java:512)
	at org.springframework.beans.factory.support.AbstractBeanFactory.lambda$doGetBean$0(AbstractBeanFactory.java:323)
	at org.springframework.beans.factory.support.DefaultSingletonBeanRegistry.getSingleton(DefaultSingletonBeanRegistry.java:226)
	at org.springframework.beans.factory.support.AbstractBeanFactory.doGetBean(AbstractBeanFactory.java:321)
	at org.springframework.beans.factory.support.AbstractBeanFactory.getBean(AbstractBeanFactory.java:207)
	at org.springframework.context.event.AbstractApplicationEventMulticaster.retrieveApplicationListeners(AbstractApplicationEventMulticaster.java:245)
	at org.springframework.context.event.AbstractApplicationEventMulticaster.getApplicationListeners(AbstractApplicationEventMulticaster.java:197)
	at org.springframework.context.event.SimpleApplicationEventMulticaster.multicastEvent(SimpleApplicationEventMulticaster.java:134)
	at org.springframework.context.support.AbstractApplicationContext.publishEvent(AbstractApplicationContext.java:403)
	at org.springframework.context.support.AbstractApplicationContext.publishEvent(AbstractApplicationContext.java:360)
	at org.springframework.boot.availability.AvailabilityChangeEvent.publish(AvailabilityChangeEvent.java:81)
	at org.springframework.boot.availability.AvailabilityChangeEvent.publish(AvailabilityChangeEvent.java:67)
	at org.springframework.boot.web.servlet.context.ServletWebServerApplicationContext.doClose(ServletWebServerApplicationContext.java:167)
	at org.springframework.context.support.AbstractApplicationContext.close(AbstractApplicationContext.java:978)
	at org.springframework.boot.SpringApplication.handleRunFailure(SpringApplication.java:814)
	at org.springframework.boot.SpringApplication.run(SpringApplication.java:325)
	at org.springframework.boot.SpringApplication.run(SpringApplication.java:1237)
	at org.springframework.boot.SpringApplication.run(SpringApplication.java:1226)
	at com.edureka.spring.obrs.OnlineBookReviewSystemApplication.main(OnlineBookReviewSystemApplication.java:16)
	at java.base/jdk.internal.reflect.DirectMethodHandleAccessor.invoke(DirectMethodHandleAccessor.java:104)
	at java.base/java.lang.reflect.Method.invoke(Method.java:577)
	at org.springframework.boot.devtools.restart.RestartLauncher.run(RestartLauncher.java:49)
Caused by: org.springframework.beans.factory.BeanCreationException: Error creating bean with name 'org.springframework.transaction.annotation.ProxyTransactionManagementConfiguration': Initialization of bean failed; nested exception is org.springframework.beans.factory.NoSuchBeanDefinitionException: No bean named 'org.springframework.context.annotation.ConfigurationClassPostProcessor.importRegistry' available
	at org.springframework.beans.factory.support.AbstractAutowireCapableBeanFactory.doCreateBean(AbstractAutowireCapableBeanFactory.java:603)
	at org.springframework.beans.factory.support.AbstractAutowireCapableBeanFactory.createBean(AbstractAutowireCapableBeanFactory.java:517)
	at org.springframework.beans.factory.support.AbstractBeanFactory.lambda$doGetBean$0(AbstractBeanFactory.java:323)
	at org.springframework.beans.factory.support.DefaultSingletonBeanRegistry.getSingleton(DefaultSingletonBeanRegistry.java:226)
	at org.springframework.beans.factory.support.AbstractBeanFactory.doGetBean(AbstractBeanFactory.java:321)
	at org.springframework.beans.factory.support.AbstractBeanFactory.getBean(AbstractBeanFactory.java:202)
	at org.springframework.beans.factory.support.ConstructorResolver.instantiateUsingFactoryMethod(ConstructorResolver.java:409)
	at org.springframework.beans.factory.support.AbstractAutowireCapableBeanFactory.instantiateUsingFactoryMethod(AbstractAutowireCapableBeanFactory.java:1338)
	at org.springframework.beans.factory.support.AbstractAutowireCapableBeanFactory.createBeanInstance(AbstractAutowireCapableBeanFactory.java:1177)
	at org.springframework.beans.factory.support.AbstractAutowireCapableBeanFactory.doCreateBean(AbstractAutowireCapableBeanFactory.java:557)
	at org.springframework.beans.factory.support.AbstractAutowireCapableBeanFactory.createBean(AbstractAutowireCapableBeanFactory.java:517)
	at org.springframework.beans.factory.support.AbstractBeanFactory.lambda$doGetBean$0(AbstractBeanFactory.java:323)
	at org.springframework.beans.factory.support.DefaultSingletonBeanRegistry.getSingleton(DefaultSingletonBeanRegistry.java:226)
	at org.springframework.beans.factory.support.AbstractBeanFactory.doGetBean(AbstractBeanFactory.java:321)
	at org.springframework.beans.factory.support.AbstractBeanFactory.getBean(AbstractBeanFactory.java:207)
	at org.springframework.aop.framework.autoproxy.BeanFactoryAdvisorRetrievalHelper.findAdvisorBeans(BeanFactoryAdvisorRetrievalHelper.java:91)
	at org.springframework.aop.framework.autoproxy.AbstractAdvisorAutoProxyCreator.findCandidateAdvisors(AbstractAdvisorAutoProxyCreator.java:109)
	at org.springframework.aop.aspectj.annotation.AnnotationAwareAspectJAutoProxyCreator.findCandidateAdvisors(AnnotationAwareAspectJAutoProxyCreator.java:92)
	at org.springframework.aop.aspectj.autoproxy.AspectJAwareAdvisorAutoProxyCreator.shouldSkip(AspectJAwareAdvisorAutoProxyCreator.java:101)
	at org.springframework.aop.framework.autoproxy.AbstractAutoProxyCreator.postProcessBeforeInstantiation(AbstractAutoProxyCreator.java:251)
	at org.springframework.beans.factory.support.AbstractAutowireCapableBeanFactory.applyBeanPostProcessorsBeforeInstantiation(AbstractAutowireCapableBeanFactory.java:1141)
	at org.springframework.beans.factory.support.AbstractAutowireCapableBeanFactory.resolveBeforeInstantiation(AbstractAutowireCapableBeanFactory.java:1114)
	at org.springframework.beans.factory.support.AbstractAutowireCapableBeanFactory.createBean(AbstractAutowireCapableBeanFactory.java:506)
	... 21 common frames omitted
Caused by: org.springframework.beans.factory.NoSuchBeanDefinitionException: No bean named 'org.springframework.context.annotation.ConfigurationClassPostProcessor.importRegistry' available
	at org.springframework.beans.factory.support.DefaultListableBeanFactory.getBeanDefinition(DefaultListableBeanFactory.java:814)
	at org.springframework.beans.factory.support.AbstractBeanFactory.getMergedLocalBeanDefinition(AbstractBeanFactory.java:1282)
	at org.springframework.beans.factory.support.AbstractBeanFactory.doGetBean(AbstractBeanFactory.java:297)
	at org.springframework.beans.factory.support.AbstractBeanFactory.getBean(AbstractBeanFactory.java:207)
	at org.springframework.context.annotation.ConfigurationClassPostProcessor$ImportAwareBeanPostProcessor.postProcessBeforeInitialization(ConfigurationClassPostProcessor.java:456)
	at org.springframework.beans.factory.support.AbstractAutowireCapableBeanFactory.applyBeanPostProcessorsBeforeInitialization(AbstractAutowireCapableBeanFactory.java:416)
	at org.springframework.beans.factory.support.AbstractAutowireCapableBeanFactory.initializeBean(AbstractAutowireCapableBeanFactory.java:1788)
	at org.springframework.beans.factory.support.AbstractAutowireCapableBeanFactory.doCreateBean(AbstractAutowireCapableBeanFactory.java:595)
	... 43 common frames omitted
2022-10-19 17:06:23,054 INFO org.springframework.boot.StartupInfoLogger [restartedMain] Starting OnlineBookReviewSystemApplication on LP013845 with PID 17728 (C:\Users\nitish.gupta_spicemo\Downloads\online-book-review-system\target\classes started by nitish.gupta_spicemo in C:\Users\nitish.gupta_spicemo\Downloads\online-book-review-system)
2022-10-19 17:06:23,057 INFO org.springframework.boot.SpringApplication [restartedMain] The following profiles are active: springdatajpa
2022-10-19 17:06:23,287 INFO org.springframework.boot.logging.DeferredLog [restartedMain] Devtools property defaults active! Set 'spring.devtools.add-properties' to 'false' to disable
2022-10-19 17:06:23,288 INFO org.springframework.boot.logging.DeferredLog [restartedMain] For additional web related logging consider setting the 'logging.level.web' property to 'DEBUG'
2022-10-19 17:06:24,093 INFO org.springframework.data.repository.config.RepositoryConfigurationDelegate [restartedMain] Bootstrapping Spring Data JPA repositories in DEFERRED mode.
2022-10-19 17:06:24,218 INFO org.springframework.data.repository.config.RepositoryConfigurationDelegate [restartedMain] Finished Spring Data repository scanning in 117ms. Found 8 JPA repository interfaces.
2022-10-19 17:06:25,060 INFO org.springframework.boot.web.embedded.tomcat.TomcatWebServer [restartedMain] Tomcat initialized with port(s): 8080 (http)
2022-10-19 17:06:25,071 INFO org.apache.juli.logging.DirectJDKLog [restartedMain] Initializing ProtocolHandler ["http-nio-8080"]
2022-10-19 17:06:25,072 INFO org.apache.juli.logging.DirectJDKLog [restartedMain] Starting service [Tomcat]
2022-10-19 17:06:25,072 INFO org.apache.juli.logging.DirectJDKLog [restartedMain] Starting Servlet engine: [Apache Tomcat/9.0.35]
2022-10-19 17:06:25,177 INFO org.apache.juli.logging.DirectJDKLog [restartedMain] Initializing Spring embedded WebApplicationContext
2022-10-19 17:06:25,177 INFO org.springframework.boot.web.servlet.context.ServletWebServerApplicationContext [restartedMain] Root WebApplicationContext: initialization completed in 1889 ms
2022-10-19 17:06:25,277 INFO com.zaxxer.hikari.HikariDataSource [restartedMain] HikariPool-1 - Starting...
2022-10-19 17:06:25,424 INFO com.zaxxer.hikari.HikariDataSource [restartedMain] HikariPool-1 - Start completed.
2022-10-19 17:06:25,431 INFO org.springframework.boot.autoconfigure.h2.H2ConsoleAutoConfiguration [restartedMain] H2 console available at '/h2-console'. Database available at 'jdbc:h2:mem:testdb'
2022-10-19 17:06:25,555 WARN org.springframework.boot.autoconfigure.orm.jpa.JpaBaseConfiguration$JpaWebConfiguration [restartedMain] spring.jpa.open-in-view is enabled by default. Therefore, database queries may be performed during view rendering. Explicitly configure spring.jpa.open-in-view to disable this warning
2022-10-19 17:06:25,623 INFO org.springframework.scheduling.concurrent.ExecutorConfigurationSupport [restartedMain] Initializing ExecutorService 'applicationTaskExecutor'
2022-10-19 17:06:26,025 INFO org.springframework.boot.web.servlet.DynamicRegistrationBean [restartedMain] Servlet webServlet was not registered (possibly already registered?)
2022-10-19 17:06:26,456 INFO org.springframework.security.web.DefaultSecurityFilterChain [restartedMain] Creating filter chain: any request, [org.springframework.security.web.context.request.async.WebAsyncManagerIntegrationFilter@6d1667d8, org.springframework.security.web.context.SecurityContextPersistenceFilter@24bd99ce, org.springframework.security.web.header.HeaderWriterFilter@19adf90b, org.springframework.security.web.authentication.logout.LogoutFilter@f4d720c, org.springframework.security.web.authentication.UsernamePasswordAuthenticationFilter@6eb39181, org.springframework.security.web.session.ConcurrentSessionFilter@10735649, org.springframework.security.web.savedrequest.RequestCacheAwareFilter@4793840b, org.springframework.security.web.servletapi.SecurityContextHolderAwareRequestFilter@69465f8e, org.springframework.security.web.authentication.AnonymousAuthenticationFilter@7f6c1876, org.springframework.security.web.session.SessionManagementFilter@3d81a40, org.springframework.security.web.access.ExceptionTranslationFilter@7ef6b81f, org.springframework.security.web.access.intercept.FilterSecurityInterceptor@7681e0b]
2022-10-19 17:06:26,868 INFO org.springframework.orm.jpa.AbstractEntityManagerFactoryBean [task-1] Initialized JPA EntityManagerFactory for persistence unit 'default'
2022-10-19 17:06:27,228 INFO org.springframework.boot.devtools.autoconfigure.OptionalLiveReloadServer [task-2] LiveReload server is running on port 35729
2022-10-19 17:06:27,286 INFO org.springframework.boot.autoconfigure.web.servlet.WelcomePageHandlerMapping [restartedMain] Adding welcome page template: index
2022-10-19 17:06:28,049 INFO org.apache.juli.logging.DirectJDKLog [restartedMain] Starting ProtocolHandler ["http-nio-8080"]
2022-10-19 17:06:28,074 INFO org.springframework.boot.web.embedded.tomcat.TomcatWebServer [restartedMain] Tomcat started on port(s): 8080 (http) with context path ''
2022-10-19 17:06:28,075 INFO org.springframework.data.repository.config.DeferredRepositoryInitializationListener [restartedMain] Triggering deferred initialization of Spring Data repositories…
2022-10-19 17:06:28,391 INFO org.springframework.data.repository.config.DeferredRepositoryInitializationListener [restartedMain] Spring Data repositories initialized!
2022-10-19 17:06:28,398 INFO org.springframework.scheduling.annotation.ScheduledAnnotationBeanPostProcessor [restartedMain] No TaskScheduler/ScheduledExecutorService bean found for scheduled processing
2022-10-19 17:06:28,406 INFO org.springframework.boot.StartupInfoLogger [restartedMain] Started OnlineBookReviewSystemApplication in 5.814 seconds (JVM running for 6.339)
2022-10-19 17:06:41,335 INFO org.apache.juli.logging.DirectJDKLog [http-nio-8080-exec-1] Initializing Spring DispatcherServlet 'dispatcherServlet'
2022-10-19 17:06:41,335 INFO org.springframework.web.servlet.FrameworkServlet [http-nio-8080-exec-1] Initializing Servlet 'dispatcherServlet'
2022-10-19 17:06:41,383 INFO org.springframework.web.servlet.FrameworkServlet [http-nio-8080-exec-1] Completed initialization in 48 ms
2022-10-19 17:06:41,533 ERROR com.edureka.spring.obrs.common.utils.LogUtil [http-nio-8080-exec-3] com.edureka.spring.obrs.common.controller.SessionController.invalidSession() - ERROR - This is an invalid session. Please refresh or login again.
2022-10-19 17:25:54,348 WARN com.zaxxer.hikari.pool.HikariPool$HouseKeeper [HikariPool-1 housekeeper] HikariPool-1 - Thread starvation or clock leap detected (housekeeper delta=6m20s485ms673µs).
2022-10-19 17:28:02,619 INFO org.springframework.orm.jpa.AbstractEntityManagerFactoryBean [SpringContextShutdownHook] Closing JPA EntityManagerFactory for persistence unit 'default'
2022-10-19 17:28:02,621 INFO org.springframework.scheduling.concurrent.ExecutorConfigurationSupport [SpringContextShutdownHook] Shutting down ExecutorService 'applicationTaskExecutor'
2022-10-19 17:28:02,839 WARN org.springframework.beans.factory.support.DisposableBeanAdapter [SpringContextShutdownHook] Invocation of destroy method failed on bean with name 'inMemoryDatabaseShutdownExecutor': org.h2.jdbc.JdbcSQLNonTransientConnectionException: Database is already closed (to disable automatic closing at VM shutdown, add ";DB_CLOSE_ON_EXIT=FALSE" to the db URL) [90121-200]
2022-10-19 17:28:02,841 INFO com.zaxxer.hikari.HikariDataSource [SpringContextShutdownHook] HikariPool-1 - Shutdown initiated...
2022-10-19 17:28:02,845 INFO com.zaxxer.hikari.HikariDataSource [SpringContextShutdownHook] HikariPool-1 - Shutdown completed.
2022-10-19 17:28:05,201 INFO org.springframework.boot.StartupInfoLogger [restartedMain] Starting OnlineBookReviewSystemApplication on LP013845 with PID 3724 (C:\Users\nitish.gupta_spicemo\Downloads\online-book-review-system\target\classes started by nitish.gupta_spicemo in C:\Users\nitish.gupta_spicemo\Downloads\online-book-review-system)
2022-10-19 17:28:05,203 INFO org.springframework.boot.SpringApplication [restartedMain] The following profiles are active: springdatajpa
2022-10-19 17:28:05,399 INFO org.springframework.boot.logging.DeferredLog [restartedMain] Devtools property defaults active! Set 'spring.devtools.add-properties' to 'false' to disable
2022-10-19 17:28:05,399 INFO org.springframework.boot.logging.DeferredLog [restartedMain] For additional web related logging consider setting the 'logging.level.web' property to 'DEBUG'
2022-10-19 17:28:06,114 INFO org.springframework.data.repository.config.RepositoryConfigurationDelegate [restartedMain] Bootstrapping Spring Data JPA repositories in DEFERRED mode.
2022-10-19 17:28:06,235 INFO org.springframework.data.repository.config.RepositoryConfigurationDelegate [restartedMain] Finished Spring Data repository scanning in 114ms. Found 8 JPA repository interfaces.
2022-10-19 17:28:07,010 INFO org.springframework.boot.web.embedded.tomcat.TomcatWebServer [restartedMain] Tomcat initialized with port(s): 8080 (http)
2022-10-19 17:28:07,022 INFO org.apache.juli.logging.DirectJDKLog [restartedMain] Initializing ProtocolHandler ["http-nio-8080"]
2022-10-19 17:28:07,023 INFO org.apache.juli.logging.DirectJDKLog [restartedMain] Starting service [Tomcat]
2022-10-19 17:28:07,023 INFO org.apache.juli.logging.DirectJDKLog [restartedMain] Starting Servlet engine: [Apache Tomcat/9.0.35]
2022-10-19 17:28:07,117 INFO org.apache.juli.logging.DirectJDKLog [restartedMain] Initializing Spring embedded WebApplicationContext
2022-10-19 17:28:07,117 INFO org.springframework.boot.web.servlet.context.ServletWebServerApplicationContext [restartedMain] Root WebApplicationContext: initialization completed in 1718 ms
2022-10-19 17:28:07,213 INFO com.zaxxer.hikari.HikariDataSource [restartedMain] HikariPool-1 - Starting...
2022-10-19 17:28:07,443 INFO com.zaxxer.hikari.HikariDataSource [restartedMain] HikariPool-1 - Start completed.
2022-10-19 17:28:07,450 INFO org.springframework.boot.autoconfigure.h2.H2ConsoleAutoConfiguration [restartedMain] H2 console available at '/h2-console'. Database available at 'jdbc:h2:mem:testdb'
2022-10-19 17:28:07,725 WARN org.springframework.boot.autoconfigure.orm.jpa.JpaBaseConfiguration$JpaWebConfiguration [restartedMain] spring.jpa.open-in-view is enabled by default. Therefore, database queries may be performed during view rendering. Explicitly configure spring.jpa.open-in-view to disable this warning
2022-10-19 17:28:07,810 INFO org.springframework.scheduling.concurrent.ExecutorConfigurationSupport [restartedMain] Initializing ExecutorService 'applicationTaskExecutor'
2022-10-19 17:28:08,158 INFO org.springframework.boot.web.servlet.DynamicRegistrationBean [restartedMain] Servlet webServlet was not registered (possibly already registered?)
2022-10-19 17:28:08,562 INFO org.springframework.security.web.DefaultSecurityFilterChain [restartedMain] Creating filter chain: any request, [org.springframework.security.web.context.request.async.WebAsyncManagerIntegrationFilter@51f93305, org.springframework.security.web.context.SecurityContextPersistenceFilter@42812d4f, org.springframework.security.web.header.HeaderWriterFilter@65d8c80c, org.springframework.security.web.authentication.logout.LogoutFilter@31291922, org.springframework.security.web.authentication.UsernamePasswordAuthenticationFilter@76dbaf7d, org.springframework.security.web.session.ConcurrentSessionFilter@ff80e82, org.springframework.security.web.savedrequest.RequestCacheAwareFilter@498853a3, org.springframework.security.web.servletapi.SecurityContextHolderAwareRequestFilter@783cf865, org.springframework.security.web.authentication.AnonymousAuthenticationFilter@6008edd4, org.springframework.security.web.session.SessionManagementFilter@75b7dfbb, org.springframework.security.web.access.ExceptionTranslationFilter@780cf7a8, org.springframework.security.web.access.intercept.FilterSecurityInterceptor@649bc51d]
2022-10-19 17:28:09,005 INFO org.springframework.orm.jpa.AbstractEntityManagerFactoryBean [task-1] Initialized JPA EntityManagerFactory for persistence unit 'default'
2022-10-19 17:28:09,405 INFO org.springframework.boot.devtools.autoconfigure.OptionalLiveReloadServer [task-2] LiveReload server is running on port 35729
2022-10-19 17:28:09,482 INFO org.springframework.boot.autoconfigure.web.servlet.WelcomePageHandlerMapping [restartedMain] Adding welcome page template: index
2022-10-19 17:28:10,292 INFO org.apache.juli.logging.DirectJDKLog [restartedMain] Starting ProtocolHandler ["http-nio-8080"]
2022-10-19 17:28:10,323 INFO org.springframework.boot.web.embedded.tomcat.TomcatWebServer [restartedMain] Tomcat started on port(s): 8080 (http) with context path ''
2022-10-19 17:28:10,325 INFO org.springframework.data.repository.config.DeferredRepositoryInitializationListener [restartedMain] Triggering deferred initialization of Spring Data repositories…
2022-10-19 17:28:10,619 INFO org.springframework.data.repository.config.DeferredRepositoryInitializationListener [restartedMain] Spring Data repositories initialized!
2022-10-19 17:28:10,629 INFO org.springframework.scheduling.annotation.ScheduledAnnotationBeanPostProcessor [restartedMain] No TaskScheduler/ScheduledExecutorService bean found for scheduled processing
2022-10-19 17:28:10,639 INFO org.springframework.boot.StartupInfoLogger [restartedMain] Started OnlineBookReviewSystemApplication in 5.829 seconds (JVM running for 6.326)
2022-10-19 17:28:55,167 INFO org.apache.juli.logging.DirectJDKLog [http-nio-8080-exec-1] Initializing Spring DispatcherServlet 'dispatcherServlet'
2022-10-19 17:28:55,168 INFO org.springframework.web.servlet.FrameworkServlet [http-nio-8080-exec-1] Initializing Servlet 'dispatcherServlet'
2022-10-19 17:28:55,203 INFO org.springframework.web.servlet.FrameworkServlet [http-nio-8080-exec-1] Completed initialization in 33 ms
2022-10-19 17:28:55,360 ERROR com.edureka.spring.obrs.common.utils.LogUtil [http-nio-8080-exec-2] com.edureka.spring.obrs.common.controller.SessionController.invalidSession() - ERROR - This is an invalid session. Please refresh or login again.
2022-10-19 17:29:03,077 ERROR com.edureka.spring.obrs.common.utils.LogUtil [http-nio-8080-exec-3] com.edureka.spring.obrs.common.controller.SessionController.invalidSession() - ERROR - This is an invalid session. Please refresh or login again.
2022-10-19 17:30:09,942 INFO org.springframework.orm.jpa.AbstractEntityManagerFactoryBean [SpringContextShutdownHook] Closing JPA EntityManagerFactory for persistence unit 'default'
2022-10-19 17:30:09,944 INFO org.springframework.scheduling.concurrent.ExecutorConfigurationSupport [SpringContextShutdownHook] Shutting down ExecutorService 'applicationTaskExecutor'
2022-10-19 17:30:10,154 WARN org.springframework.beans.factory.support.DisposableBeanAdapter [SpringContextShutdownHook] Invocation of destroy method failed on bean with name 'inMemoryDatabaseShutdownExecutor': org.h2.jdbc.JdbcSQLNonTransientConnectionException: Database is already closed (to disable automatic closing at VM shutdown, add ";DB_CLOSE_ON_EXIT=FALSE" to the db URL) [90121-200]
2022-10-19 17:30:10,155 INFO com.zaxxer.hikari.HikariDataSource [SpringContextShutdownHook] HikariPool-1 - Shutdown initiated...
2022-10-19 17:30:10,157 INFO com.zaxxer.hikari.HikariDataSource [SpringContextShutdownHook] HikariPool-1 - Shutdown completed.
2022-10-19 17:30:12,405 INFO org.springframework.boot.StartupInfoLogger [restartedMain] Starting OnlineBookReviewSystemApplication on LP013845 with PID 20272 (C:\Users\nitish.gupta_spicemo\Downloads\online-book-review-system\target\classes started by nitish.gupta_spicemo in C:\Users\nitish.gupta_spicemo\Downloads\online-book-review-system)
2022-10-19 17:30:12,408 INFO org.springframework.boot.SpringApplication [restartedMain] The following profiles are active: springdatajpa
2022-10-19 17:30:12,587 INFO org.springframework.boot.logging.DeferredLog [restartedMain] Devtools property defaults active! Set 'spring.devtools.add-properties' to 'false' to disable
2022-10-19 17:30:12,588 INFO org.springframework.boot.logging.DeferredLog [restartedMain] For additional web related logging consider setting the 'logging.level.web' property to 'DEBUG'
2022-10-19 17:30:13,312 INFO org.springframework.data.repository.config.RepositoryConfigurationDelegate [restartedMain] Bootstrapping Spring Data JPA repositories in DEFERRED mode.
2022-10-19 17:30:13,428 INFO org.springframework.data.repository.config.RepositoryConfigurationDelegate [restartedMain] Finished Spring Data repository scanning in 108ms. Found 8 JPA repository interfaces.
2022-10-19 17:30:14,212 INFO org.springframework.boot.web.embedded.tomcat.TomcatWebServer [restartedMain] Tomcat initialized with port(s): 8080 (http)
2022-10-19 17:30:14,232 INFO org.apache.juli.logging.DirectJDKLog [restartedMain] Initializing ProtocolHandler ["http-nio-8080"]
2022-10-19 17:30:14,233 INFO org.apache.juli.logging.DirectJDKLog [restartedMain] Starting service [Tomcat]
2022-10-19 17:30:14,233 INFO org.apache.juli.logging.DirectJDKLog [restartedMain] Starting Servlet engine: [Apache Tomcat/9.0.35]
2022-10-19 17:30:14,329 INFO org.apache.juli.logging.DirectJDKLog [restartedMain] Initializing Spring embedded WebApplicationContext
2022-10-19 17:30:14,329 INFO org.springframework.boot.web.servlet.context.ServletWebServerApplicationContext [restartedMain] Root WebApplicationContext: initialization completed in 1741 ms
2022-10-19 17:30:14,428 INFO com.zaxxer.hikari.HikariDataSource [restartedMain] HikariPool-1 - Starting...
2022-10-19 17:30:14,606 INFO com.zaxxer.hikari.HikariDataSource [restartedMain] HikariPool-1 - Start completed.
2022-10-19 17:30:14,614 INFO org.springframework.boot.autoconfigure.h2.H2ConsoleAutoConfiguration [restartedMain] H2 console available at '/h2-console'. Database available at 'jdbc:h2:mem:testdb'
2022-10-19 17:30:14,753 WARN org.springframework.boot.autoconfigure.orm.jpa.JpaBaseConfiguration$JpaWebConfiguration [restartedMain] spring.jpa.open-in-view is enabled by default. Therefore, database queries may be performed during view rendering. Explicitly configure spring.jpa.open-in-view to disable this warning
2022-10-19 17:30:14,818 INFO org.springframework.scheduling.concurrent.ExecutorConfigurationSupport [restartedMain] Initializing ExecutorService 'applicationTaskExecutor'
2022-10-19 17:30:15,203 INFO org.springframework.boot.web.servlet.DynamicRegistrationBean [restartedMain] Servlet webServlet was not registered (possibly already registered?)
2022-10-19 17:30:15,616 INFO org.springframework.security.web.DefaultSecurityFilterChain [restartedMain] Creating filter chain: any request, [org.springframework.security.web.context.request.async.WebAsyncManagerIntegrationFilter@5c0cdb04, org.springframework.security.web.context.SecurityContextPersistenceFilter@2345302e, org.springframework.security.web.header.HeaderWriterFilter@2628caf3, org.springframework.security.web.authentication.logout.LogoutFilter@1a627bf4, org.springframework.security.web.authentication.UsernamePasswordAuthenticationFilter@5318342a, org.springframework.security.web.session.ConcurrentSessionFilter@2744d9e3, org.springframework.security.web.savedrequest.RequestCacheAwareFilter@1d1cc9ef, org.springframework.security.web.servletapi.SecurityContextHolderAwareRequestFilter@7b299bf, org.springframework.security.web.authentication.AnonymousAuthenticationFilter@7548e58c, org.springframework.security.web.session.SessionManagementFilter@79ee24e7, org.springframework.security.web.access.ExceptionTranslationFilter@40f89348, org.springframework.security.web.access.intercept.FilterSecurityInterceptor@53d684fa]
2022-10-19 17:30:16,109 INFO org.springframework.orm.jpa.AbstractEntityManagerFactoryBean [task-1] Initialized JPA EntityManagerFactory for persistence unit 'default'
2022-10-19 17:30:16,494 INFO org.springframework.boot.devtools.autoconfigure.OptionalLiveReloadServer [task-2] LiveReload server is running on port 35729
2022-10-19 17:30:16,588 INFO org.springframework.boot.autoconfigure.web.servlet.WelcomePageHandlerMapping [restartedMain] Adding welcome page template: index
2022-10-19 17:30:17,356 INFO org.apache.juli.logging.DirectJDKLog [restartedMain] Starting ProtocolHandler ["http-nio-8080"]
2022-10-19 17:30:17,390 INFO org.springframework.boot.web.embedded.tomcat.TomcatWebServer [restartedMain] Tomcat started on port(s): 8080 (http) with context path ''
2022-10-19 17:30:17,391 INFO org.springframework.data.repository.config.DeferredRepositoryInitializationListener [restartedMain] Triggering deferred initialization of Spring Data repositories…
2022-10-19 17:30:17,693 INFO org.springframework.data.repository.config.DeferredRepositoryInitializationListener [restartedMain] Spring Data repositories initialized!
2022-10-19 17:30:17,701 INFO org.springframework.scheduling.annotation.ScheduledAnnotationBeanPostProcessor [restartedMain] No TaskScheduler/ScheduledExecutorService bean found for scheduled processing
2022-10-19 17:30:17,709 INFO org.springframework.boot.StartupInfoLogger [restartedMain] Started OnlineBookReviewSystemApplication in 5.705 seconds (JVM running for 6.158)
2022-10-19 17:30:21,586 INFO org.apache.juli.logging.DirectJDKLog [http-nio-8080-exec-1] Initializing Spring DispatcherServlet 'dispatcherServlet'
2022-10-19 17:30:21,586 INFO org.springframework.web.servlet.FrameworkServlet [http-nio-8080-exec-1] Initializing Servlet 'dispatcherServlet'
2022-10-19 17:30:21,608 INFO org.springframework.web.servlet.FrameworkServlet [http-nio-8080-exec-1] Completed initialization in 22 ms
2022-10-19 17:30:21,687 ERROR com.edureka.spring.obrs.common.utils.LogUtil [http-nio-8080-exec-2] com.edureka.spring.obrs.common.controller.SessionController.invalidSession() - ERROR - This is an invalid session. Please refresh or login again.
2022-10-19 17:32:00,688 INFO org.springframework.orm.jpa.AbstractEntityManagerFactoryBean [SpringContextShutdownHook] Closing JPA EntityManagerFactory for persistence unit 'default'
2022-10-19 17:32:00,690 INFO org.springframework.scheduling.concurrent.ExecutorConfigurationSupport [SpringContextShutdownHook] Shutting down ExecutorService 'applicationTaskExecutor'
2022-10-19 17:32:00,907 WARN org.springframework.beans.factory.support.DisposableBeanAdapter [SpringContextShutdownHook] Invocation of destroy method failed on bean with name 'inMemoryDatabaseShutdownExecutor': org.h2.jdbc.JdbcSQLNonTransientConnectionException: Database is already closed (to disable automatic closing at VM shutdown, add ";DB_CLOSE_ON_EXIT=FALSE" to the db URL) [90121-200]
2022-10-19 17:32:00,908 INFO com.zaxxer.hikari.HikariDataSource [SpringContextShutdownHook] HikariPool-1 - Shutdown initiated...
2022-10-19 17:32:00,920 INFO com.zaxxer.hikari.HikariDataSource [SpringContextShutdownHook] HikariPool-1 - Shutdown completed.
2022-10-19 17:32:03,346 INFO org.springframework.boot.StartupInfoLogger [restartedMain] Starting OnlineBookReviewSystemApplication on LP013845 with PID 15388 (C:\Users\nitish.gupta_spicemo\Downloads\online-book-review-system\target\classes started by nitish.gupta_spicemo in C:\Users\nitish.gupta_spicemo\Downloads\online-book-review-system)
2022-10-19 17:32:03,349 INFO org.springframework.boot.SpringApplication [restartedMain] The following profiles are active: springdatajpa
2022-10-19 17:32:03,532 INFO org.springframework.boot.logging.DeferredLog [restartedMain] Devtools property defaults active! Set 'spring.devtools.add-properties' to 'false' to disable
2022-10-19 17:32:03,532 INFO org.springframework.boot.logging.DeferredLog [restartedMain] For additional web related logging consider setting the 'logging.level.web' property to 'DEBUG'
2022-10-19 17:32:04,217 INFO org.springframework.data.repository.config.RepositoryConfigurationDelegate [restartedMain] Bootstrapping Spring Data JPA repositories in DEFERRED mode.
2022-10-19 17:32:04,342 INFO org.springframework.data.repository.config.RepositoryConfigurationDelegate [restartedMain] Finished Spring Data repository scanning in 118ms. Found 8 JPA repository interfaces.
2022-10-19 17:32:05,113 INFO org.springframework.boot.web.embedded.tomcat.TomcatWebServer [restartedMain] Tomcat initialized with port(s): 8080 (http)
2022-10-19 17:32:05,125 INFO org.apache.juli.logging.DirectJDKLog [restartedMain] Initializing ProtocolHandler ["http-nio-8080"]
2022-10-19 17:32:05,126 INFO org.apache.juli.logging.DirectJDKLog [restartedMain] Starting service [Tomcat]
2022-10-19 17:32:05,126 INFO org.apache.juli.logging.DirectJDKLog [restartedMain] Starting Servlet engine: [Apache Tomcat/9.0.35]
2022-10-19 17:32:05,220 INFO org.apache.juli.logging.DirectJDKLog [restartedMain] Initializing Spring embedded WebApplicationContext
2022-10-19 17:32:05,220 INFO org.springframework.boot.web.servlet.context.ServletWebServerApplicationContext [restartedMain] Root WebApplicationContext: initialization completed in 1687 ms
2022-10-19 17:32:05,317 INFO com.zaxxer.hikari.HikariDataSource [restartedMain] HikariPool-1 - Starting...
2022-10-19 17:32:05,496 INFO com.zaxxer.hikari.HikariDataSource [restartedMain] HikariPool-1 - Start completed.
2022-10-19 17:32:05,503 INFO org.springframework.boot.autoconfigure.h2.H2ConsoleAutoConfiguration [restartedMain] H2 console available at '/h2-console'. Database available at 'jdbc:h2:mem:testdb'
2022-10-19 17:32:05,670 WARN org.springframework.boot.autoconfigure.orm.jpa.JpaBaseConfiguration$JpaWebConfiguration [restartedMain] spring.jpa.open-in-view is enabled by default. Therefore, database queries may be performed during view rendering. Explicitly configure spring.jpa.open-in-view to disable this warning
2022-10-19 17:32:05,733 INFO org.springframework.scheduling.concurrent.ExecutorConfigurationSupport [restartedMain] Initializing ExecutorService 'applicationTaskExecutor'
2022-10-19 17:32:06,086 INFO org.springframework.boot.web.servlet.DynamicRegistrationBean [restartedMain] Servlet webServlet was not registered (possibly already registered?)
2022-10-19 17:32:06,549 INFO org.springframework.security.web.DefaultSecurityFilterChain [restartedMain] Creating filter chain: any request, [org.springframework.security.web.context.request.async.WebAsyncManagerIntegrationFilter@1b2fa2ae, org.springframework.security.web.context.SecurityContextPersistenceFilter@705fc13c, org.springframework.security.web.header.HeaderWriterFilter@24bd99ce, org.springframework.security.web.authentication.logout.LogoutFilter@42a39d5d, org.springframework.security.web.authentication.UsernamePasswordAuthenticationFilter@64e267d1, org.springframework.security.web.session.ConcurrentSessionFilter@4ae0aec, org.springframework.security.web.savedrequest.RequestCacheAwareFilter@76befc1b, org.springframework.security.web.servletapi.SecurityContextHolderAwareRequestFilter@15e7600a, org.springframework.security.web.authentication.AnonymousAuthenticationFilter@b47bfb9, org.springframework.security.web.session.SessionManagementFilter@4793840b, org.springframework.security.web.access.ExceptionTranslationFilter@74c7b57, org.springframework.security.web.access.intercept.FilterSecurityInterceptor@2e7459cc]
2022-10-19 17:32:07,044 INFO org.springframework.orm.jpa.AbstractEntityManagerFactoryBean [task-1] Initialized JPA EntityManagerFactory for persistence unit 'default'
2022-10-19 17:32:07,452 INFO org.springframework.boot.devtools.autoconfigure.OptionalLiveReloadServer [task-2] LiveReload server is running on port 35729
2022-10-19 17:32:07,515 INFO org.springframework.boot.autoconfigure.web.servlet.WelcomePageHandlerMapping [restartedMain] Adding welcome page template: index
2022-10-19 17:32:08,355 INFO org.apache.juli.logging.DirectJDKLog [restartedMain] Starting ProtocolHandler ["http-nio-8080"]
2022-10-19 17:32:08,384 INFO org.springframework.boot.web.embedded.tomcat.TomcatWebServer [restartedMain] Tomcat started on port(s): 8080 (http) with context path ''
2022-10-19 17:32:08,386 INFO org.springframework.data.repository.config.DeferredRepositoryInitializationListener [restartedMain] Triggering deferred initialization of Spring Data repositories…
2022-10-19 17:32:08,768 INFO org.springframework.data.repository.config.DeferredRepositoryInitializationListener [restartedMain] Spring Data repositories initialized!
2022-10-19 17:32:08,780 INFO org.springframework.scheduling.annotation.ScheduledAnnotationBeanPostProcessor [restartedMain] No TaskScheduler/ScheduledExecutorService bean found for scheduled processing
2022-10-19 17:32:08,788 INFO org.springframework.boot.StartupInfoLogger [restartedMain] Started OnlineBookReviewSystemApplication in 5.843 seconds (JVM running for 6.305)
2022-10-19 17:32:20,699 INFO org.apache.juli.logging.DirectJDKLog [http-nio-8080-exec-1] Initializing Spring DispatcherServlet 'dispatcherServlet'
2022-10-19 17:32:20,699 INFO org.springframework.web.servlet.FrameworkServlet [http-nio-8080-exec-1] Initializing Servlet 'dispatcherServlet'
2022-10-19 17:32:20,731 INFO org.springframework.web.servlet.FrameworkServlet [http-nio-8080-exec-1] Completed initialization in 32 ms
2022-10-19 18:01:10,470 WARN com.zaxxer.hikari.pool.HikariPool$HouseKeeper [HikariPool-1 housekeeper] HikariPool-1 - Thread starvation or clock leap detected (housekeeper delta=24m4s794ms766µs900ns).
2022-10-19 18:01:51,668 INFO org.springframework.orm.jpa.AbstractEntityManagerFactoryBean [SpringContextShutdownHook] Closing JPA EntityManagerFactory for persistence unit 'default'
2022-10-19 18:01:51,669 INFO org.springframework.scheduling.concurrent.ExecutorConfigurationSupport [SpringContextShutdownHook] Shutting down ExecutorService 'applicationTaskExecutor'
2022-10-19 18:01:51,884 WARN org.springframework.beans.factory.support.DisposableBeanAdapter [SpringContextShutdownHook] Invocation of destroy method failed on bean with name 'inMemoryDatabaseShutdownExecutor': org.h2.jdbc.JdbcSQLNonTransientConnectionException: Database is already closed (to disable automatic closing at VM shutdown, add ";DB_CLOSE_ON_EXIT=FALSE" to the db URL) [90121-200]
2022-10-19 18:01:51,884 INFO com.zaxxer.hikari.HikariDataSource [SpringContextShutdownHook] HikariPool-1 - Shutdown initiated...
2022-10-19 18:01:51,888 INFO com.zaxxer.hikari.HikariDataSource [SpringContextShutdownHook] HikariPool-1 - Shutdown completed.
